Arguments: 
  /usr/local/Cellar/node/11.1.0/bin/node /usr/local/bin/yarn run ios

PATH: 
  /usr/local/bin:/usr/bin:/bin:/usr/sbin:/sbin

Yarn version: 
  1.12.3

Node version: 
  11.1.0

Platform: 
  darwin x64

Trace: 
  Error: EACCES: permission denied, scandir '/Users/tommijaske/.config/yarn/link'

npm manifest: 
  {
    "name": "my-new-project",
    "main": "node_modules/expo/AppEntry.js",
    "private": true,
    "scripts": {
      "start": "expo start",
      "android": "expo start --android",
      "ios": "expo start --ios",
      "eject": "expo eject",
      "test": "node ./node_modules/jest/bin/jest.js --watchAll"
    },
    "jest": {
      "preset": "jest-expo"
    },
    "dependencies": {
      "@expo/samples": "2.1.1",
      "expo": "^31.0.2",
      "react": "16.5.0",
      "react-native": "https://github.com/expo/react-native/archive/sdk-31.0.0.tar.gz",
      "react-navigation": "^2.18.2"
    },
    "devDependencies": {
      "babel-preset-expo": "^5.0.0",
      "jest-expo": "^31.0.0"
    }
  }

yarn manifest: 
  No manifest

Lockfile: 
  No lockfile
